2025-01-06 21:04:13,001 - ripley_analysis - INFO - Memory: 42421.49 MB - Starting Ripley's L analysis for reference gene: GREM1
2025-01-06 21:04:13,002 - ripley_analysis - INFO - Memory: 42421.49 MB - Initial dataset shape: (527911, 5000)
2025-01-06 21:04:13,002 - ripley_analysis - INFO - Memory: 42421.49 MB - Loaded spatial coordinates with shape: (527911, 2)
2025-01-06 21:04:13,157 - ripley_analysis - INFO - Memory: 42430.49 MB - Reference gene high expression cells: 97529
2025-01-06 21:04:13,239 - ripley_analysis - INFO - Memory: 42431.11 MB - Prepared support with max_dist: 6338.61
2025-01-06 21:04:13,239 - ripley_analysis - INFO - Memory: 42431.11 MB - Starting null model computation...
2025-01-06 21:04:13,239 - ripley_analysis - INFO - Memory: 42431.11 MB - Computing null distribution 0/100
2025-01-06 21:04:30,833 - ripley_analysis - INFO - Memory: 42794.49 MB - Computing null distribution 10/100
2025-01-06 21:04:48,893 - ripley_analysis - INFO - Memory: 42793.34 MB - Computing null distribution 20/100
2025-01-06 21:05:07,262 - ripley_analysis - INFO - Memory: 42791.87 MB - Computing null distribution 30/100
2025-01-06 21:05:25,486 - ripley_analysis - INFO - Memory: 42794.17 MB - Computing null distribution 40/100
2025-01-06 21:05:43,948 - ripley_analysis - INFO - Memory: 42799.14 MB - Computing null distribution 50/100
2025-01-06 21:06:02,372 - ripley_analysis - INFO - Memory: 42797.89 MB - Computing null distribution 60/100
2025-01-06 21:06:20,567 - ripley_analysis - INFO - Memory: 42788.22 MB - Computing null distribution 70/100
2025-01-06 21:06:39,697 - ripley_analysis - INFO - Memory: 42789.20 MB - Computing null distribution 80/100
2025-01-06 21:06:59,088 - ripley_analysis - INFO - Memory: 42783.89 MB - Computing null distribution 90/100
2025-01-06 21:07:18,094 - ripley_analysis - INFO - Memory: 42792.58 MB - Completed null model computation in 184.85 seconds
2025-01-06 21:07:18,095 - ripley_analysis - INFO - Memory: 42792.58 MB - Preparing shared_data array
2025-01-06 21:07:18,095 - ripley_analysis - INFO - Memory: 42792.58 MB - Prepared shared_data array
2025-01-06 21:07:18,095 - ripley_analysis - INFO - Memory: 42792.58 MB - Preparing gene_data array
